#
# A fatal error has been detected by the Java Runtime Environment:
#
#  SIGSEGV (0xb) at pc=0x00007f2948010ed0, pid=24670, tid=139815739676416
#
# JRE version: Java(TM) SE Runtime Environment (8.0_60-b27) (build 1.8.0_60-b27)
# Java VM: Java HotSpot(TM) 64-Bit Server VM (25.60-b23 mixed mode linux-amd64 compressed oops)
# Problematic frame:
# C  0x00007f2948010ed0
#
# Failed to write core dump. Core dumps have been disabled. To enable core dumping, try "ulimit -c unlimited" before starting Java again
#
# If you would like to submit a bug report, please visit:
#   http://bugreport.java.com/bugreport/crash.jsp
#

---------------  T H R E A D  ---------------

Current thread (0x00007f29800c7800):  JavaThread "JDWP Transport Listener: dt_socket" daemon [_thread_in_vm, id=24689, stack(0x00007f29636f5000,0x00007f29637f6000)]

siginfo: si_signo: 11 (SIGSEGV), si_code: 2 (SEGV_ACCERR), si_addr: 0x00007f2948010ed0

Registers:
RAX=0x00007f294802ac10, RBX=0x00007f2948000078, RCX=0x00007f2988d1f320, RDX=0x00007f29882fc320
RSP=0x00007f29637f4708, RBP=0x00007f29637f4720, RSI=0x00007f29800c7800, RDI=0x00007f2948000078
R8 =0x00007f29800c05e0, R9 =0x0000000000000000, R10=0x0000000000000001, R11=0x00007f29884aea30
R12=0x0000000000000017, R13=0x00007f2948000088, R14=0x00007f29800c7800, R15=0x00007f29637f4827
RIP=0x00007f2948010ed0, EFLAGS=0x0000000000010206, CSGSFS=0x0000000000000033, ERR=0x0000000000000015
  TRAPNO=0x000000000000000e

Top of Stack: (sp=0x00007f29637f4708)
0x00007f29637f4708:   00007f2987bf2737 0000000000000074
0x00007f29637f4718:   00007f2980007020 00007f29637f4790
0x00007f29637f4728:   00007f2987a831fe 00007f2980007020
0x00007f29637f4738:   00007f29637f4740 00007f29800c7800
0x00007f29637f4748:   0000000000000000 00007f2900000000
0x00007f29637f4758:   0000000000000000 00007f29637f4770
0x00007f29637f4768:   00007f2986a03e40 00007f2948000088
0x00007f29637f4778:   00007f29637f4827 0000000000000000
0x00007f29637f4788:   00007f29637f4827 00007f29637f47c0
0x00007f29637f4798:   00007f29867ef8c2 00007f29637f47c0
0x00007f29637f47a8:   00007f2948000088 00007f29637f4890
0x00007f29637f47b8:   0000000000000000 00007f29637f4850
0x00007f29637f47c8:   00007f29867d0aa0 00007f29637f4808
0x00007f29637f47d8:   00007f29637f4800 00007f29637f47f8
0x00007f29637f47e8:   00007f29637f481c 0000000148002fc0
0x00007f29637f47f8:   0000000000000000 0000000000000000
0x00007f29637f4808:   0000000000000000 00007f29480065d0
0x00007f29637f4818:   00007f29637f4890 0000000000000002
0x00007f29637f4828:   0000000000000002 000000000000000f
0x00007f29637f4838:   0000000000000002 00000000000f0200
0x00007f29637f4848:   000000000000000f 00007f29637f4aa0
0x00007f29637f4858:   00007f29867db9c6 000013c000000013
0x00007f29637f4868:   00007f29870f0200 00007f2940000fb0
0x00007f29637f4878:   0000000000000000 00007f29637f4890
0x00007f29637f4888:   00007f29637f4a20 00007f29637f48e4
0x00007f29637f4898:   00007f2900000128 00007f29637f48a8
0x00007f29637f48a8:   0000000000000004 00007f29637f48e0
0x00007f29637f48b8:   0000000000000000 00007f0000000000
0x00007f29637f48c8:   000013c00000001c 00007f2900004a80
0x00007f29637f48d8:   00007f29637f48e0 0000000102000000
0x00007f29637f48e8:   0000001900000000 7f00001c00000007
0x00007f29637f48f8:   000000c8f0ba8129 0000001600000000 

Instructions: (pc=0x00007f2948010ed0)
0x00007f2948010eb0:   00 00 00 00 00 00 00 00 00 00 00 00 00 00 00 00
0x00007f2948010ec0:   00 00 00 00 00 00 00 00 00 00 00 00 00 00 00 00
0x00007f2948010ed0:   20 00 00 00 00 00 00 00 01 10 00 00 00 00 00 00
0x00007f2948010ee0:   d0 c2 01 48 29 7f 00 00 d0 32 01 48 29 7f 00 00 

Register to memory mapping:

RAX=0x00007f294802ac10 is an unknown value
RBX=0x00007f2948000078 is an unknown value
RCX=0x00007f2988d1f320: <offset 0x219320> in /lib/x86_64-linux-gnu/libpthread.so.0 at 0x00007f2988b06000
RDX=0x00007f29882fc320: <offset 0xfaf320> in /usr/lib/jvm/java-8-oracle/jre/lib/amd64/server/libjvm.so at 0x00007f298734d000
RSP=0x00007f29637f4708 is pointing into the stack for thread: 0x00007f29800c7800
RBP=0x00007f29637f4720 is pointing into the stack for thread: 0x00007f29800c7800
RSI=0x00007f29800c7800 is a thread
RDI=0x00007f2948000078 is an unknown value
R8 =0x00007f29800c05e0 is an unknown value
R9 =0x0000000000000000 is an unknown value
R10=0x0000000000000001 is an unknown value
R11=0x00007f29884aea30: <offset 0x187a30> in /lib/x86_64-linux-gnu/libc.so.6 at 0x00007f2988327000
R12=0x0000000000000017 is an unknown value
R13=0x00007f2948000088 is an unknown value
R14=0x00007f29800c7800 is a thread
R15=0x00007f29637f4827 is pointing into the stack for thread: 0x00007f29800c7800


Stack: [0x00007f29636f5000,0x00007f29637f6000],  sp=0x00007f29637f4708,  free space=1021k
Native frames: (J=compiled Java code, j=interpreted, Vv=VM code, C=native code)
C  0x00007f2948010ed0
V  [libjvm.so+0x7361fe]  jvmti_IsMethodSynthetic+0x2be
C  [libjdwp.so+0x258c2]  isMethodSynthetic+0x42
C  [libjdwp.so+0x6aa0]  methods1+0x1b0
C  [libjdwp.so+0x119c6]  debugLoop_run+0x2b6
C  [libjdwp.so+0x247ff]  attachThread+0x2f
V  [libjvm.so+0x7a2982]  JvmtiAgentThread::call_start_function()+0xc2
V  [libjvm.so+0xa68f3f]  JavaThread::thread_main_inner()+0xdf
V  [libjvm.so+0xa6906c]  JavaThread::run()+0x11c
V  [libjvm.so+0x91cb88]  java_start(Thread*)+0x108
C  [libpthread.so.0+0x8182]  start_thread+0xc2


---------------  P R O C E S S  ---------------

Java Threads: ( => current thread )
  0x00007f2981461800 JavaThread "Tomcat JDBC Pool Cleaner[349885916:1441478949454]" daemon [_thread_blocked, id=24705, stack(0x00007f2962228000,0x00007f2962329000)]
  0x00007f29800df800 JavaThread "Service Thread" daemon [_thread_blocked, id=24698, stack(0x00007f29630ef000,0x00007f29631f0000)]
  0x00007f29800d2000 JavaThread "C1 CompilerThread2" daemon [_thread_blocked, id=24697, stack(0x00007f29631f0000,0x00007f29632f1000)]
  0x00007f29800d0800 JavaThread "C2 CompilerThread1" daemon [_thread_blocked, id=24696, stack(0x00007f29632f1000,0x00007f29633f2000)]
  0x00007f29800cd800 JavaThread "C2 CompilerThread0" daemon [_thread_blocked, id=24695, stack(0x00007f29633f2000,0x00007f29634f3000)]
  0x00007f2948001000 JavaThread "JDWP Command Reader" daemon [_thread_in_native, id=24693, stack(0x00007f29634f3000,0x00007f29635f4000)]
  0x00007f29800cb000 JavaThread "JDWP Event Helper Thread" daemon [_thread_blocked, id=24691, stack(0x00007f29635f4000,0x00007f29636f5000)]
=>0x00007f29800c7800 JavaThread "JDWP Transport Listener: dt_socket" daemon [_thread_in_vm, id=24689, stack(0x00007f29636f5000,0x00007f29637f6000)]
  0x00007f29800b9800 JavaThread "Signal Dispatcher" daemon [_thread_blocked, id=24687, stack(0x00007f29639fa000,0x00007f2963afb000)]
  0x00007f2980084800 JavaThread "Finalizer" daemon [_thread_blocked, id=24685, stack(0x00007f2963afb000,0x00007f2963bfc000)]
  0x00007f2980082800 JavaThread "Reference Handler" daemon [_thread_blocked, id=24684, stack(0x00007f2963bfc000,0x00007f2963cfd000)]
  0x00007f298000f800 JavaThread "main" [_thread_blocked, id=24677, stack(0x00007f2988e20000,0x00007f2988f21000)]

Other Threads:
  0x00007f298007d800 VMThread [stack: 0x00007f2963cfd000,0x00007f2963dfe000] [id=24683]
  0x00007f29800e2800 WatcherThread [stack: 0x00007f2962fee000,0x00007f29630ef000] [id=24699]

VM state:not at safepoint (normal execution)

VM Mutex/Monitor currently owned by a thread: None

Heap:
 PSYoungGen      total 258048K, used 125450K [0x00000000d7000000, 0x00000000ea500000, 0x0000000100000000)
  eden space 246784K, 50% used [0x00000000d7000000,0x00000000dea82858,0x00000000e6100000)
  from space 11264K, 0% used [0x00000000e6100000,0x00000000e6100000,0x00000000e6c00000)
  to   space 11776K, 0% used [0x00000000e9980000,0x00000000e9980000,0x00000000ea500000)
 ParOldGen       total 78848K, used 16651K [0x0000000085000000, 0x0000000089d00000, 0x00000000d7000000)
  object space 78848K, 21% used [0x0000000085000000,0x0000000086042ff0,0x0000000089d00000)
 Metaspace       used 40968K, capacity 41284K, committed 41600K, reserved 1085440K
  class space    used 5126K, capacity 5196K, committed 5248K, reserved 1048576K

Card table byte_map: [0x00007f298510d000,0x00007f29854e6000] byte_map_base: 0x00007f2984ce5000

Marking Bits: (ParMarkBitMap*) 0x00007f29882fbde0
 Begin Bits: [0x00007f2968280000, 0x00007f296a140000)
 End Bits:   [0x00007f296a140000, 0x00007f296c000000)

Polling page: 0x00007f2988f43000

CodeCache: size=245760Kb used=13621Kb max_used=14407Kb free=232138Kb
 bounds [0x00007f2971000000, 0x00007f2971e20000, 0x00007f2980000000]
 total_blobs=4106 nmethods=3622 adapters=405
 compilation: enabled

Compilation events (10 events):
Event: 1283,666 Thread 0x00007f29800d2000 3907       3       java.util.TaskQueue::rescheduleMin (16 bytes)
Event: 1283,667 Thread 0x00007f29800d2000 nmethod 3907 0x00007f29711331d0 code [0x00007f2971133340, 0x00007f2971133508]
Event: 1283,667 Thread 0x00007f29800d2000 3908       3       java.util.TaskQueue::fixDown (108 bytes)
Event: 1283,669 Thread 0x00007f29800d2000 nmethod 3908 0x00007f297136c8d0 code [0x00007f297136ca80, 0x00007f297136d0b0]
Event: 1923,667 Thread 0x00007f29800d2000 3909   !   3       org.apache.tomcat.jdbc.pool.ConnectionPool$PoolCleaner::run (125 bytes)
Event: 1923,671 Thread 0x00007f29800d2000 nmethod 3909 0x00007f297145bf50 code [0x00007f297145c1c0, 0x00007f297145ce38]
Event: 2248,666 Thread 0x00007f29800d2000 3910       3       org.apache.tomcat.jdbc.pool.FairBlockingQueue::size (8 bytes)
Event: 2248,667 Thread 0x00007f29800d2000 nmethod 3910 0x00007f2971468890 code [0x00007f2971468a00, 0x00007f2971468b90]
Event: 3197,322 Thread 0x00007f29800d2000 3911       1       java.util.TaskQueue::getMin (7 bytes)
Event: 3197,323 Thread 0x00007f29800d2000 nmethod 3911 0x00007f2971179390 code [0x00007f29711794e0, 0x00007f2971179610]

GC Heap History (10 events):
Event: 4,210 GC heap before
{Heap before GC invocations=7 (full 0):
 PSYoungGen      total 133120K, used 12804K [0x00000000d7000000, 0x00000000dfe00000, 0x0000000100000000)
  eden space 125440K, 4% used [0x00000000d7000000,0x00000000d7502370,0x00000000dea80000)
  from space 7680K, 99% used [0x00000000df380000,0x00000000dfaff078,0x00000000dfb00000)
  to   space 9216K, 0% used [0x00000000dea80000,0x00000000dea80000,0x00000000df380000)
 ParOldGen       total 84992K, used 4286K [0x0000000085000000, 0x000000008a300000, 0x00000000d7000000)
  object space 84992K, 5% used [0x0000000085000000,0x000000008542fb58,0x000000008a300000)
 Metaspace       used 20900K, capacity 21088K, committed 21248K, reserved 1069056K
  class space    used 2451K, capacity 2508K, committed 2560K, reserved 1048576K
Event: 4,227 GC heap after
Heap after GC invocations=7 (full 0):
 PSYoungGen      total 134656K, used 5691K [0x00000000d7000000, 0x00000000e7700000, 0x0000000100000000)
  eden space 125440K, 0% used [0x00000000d7000000,0x00000000d7000000,0x00000000dea80000)
  from space 9216K, 61% used [0x00000000dea80000,0x00000000df00efb8,0x00000000df380000)
  to   space 9216K, 0% used [0x00000000e6e00000,0x00000000e6e00000,0x00000000e7700000)
 ParOldGen       total 84992K, used 6691K [0x0000000085000000, 0x000000008a300000, 0x00000000d7000000)
  object space 84992K, 7% used [0x0000000085000000,0x0000000085688d48,0x000000008a300000)
 Metaspace       used 20900K, capacity 21088K, committed 21248K, reserved 1069056K
  class space    used 2451K, capacity 2508K, committed 2560K, reserved 1048576K
}
Event: 4,227 GC heap before
{Heap before GC invocations=8 (full 1):
 PSYoungGen      total 134656K, used 5691K [0x00000000d7000000, 0x00000000e7700000, 0x0000000100000000)
  eden space 125440K, 0% used [0x00000000d7000000,0x00000000d7000000,0x00000000dea80000)
  from space 9216K, 61% used [0x00000000dea80000,0x00000000df00efb8,0x00000000df380000)
  to   space 9216K, 0% used [0x00000000e6e00000,0x00000000e6e00000,0x00000000e7700000)
 ParOldGen       total 84992K, used 6691K [0x0000000085000000, 0x000000008a300000, 0x00000000d7000000)
  object space 84992K, 7% used [0x0000000085000000,0x0000000085688d48,0x000000008a300000)
 Metaspace       used 20900K, capacity 21088K, committed 21248K, reserved 1069056K
  class space    used 2451K, capacity 2508K, committed 2560K, reserved 1048576K
Event: 4,287 GC heap after
Heap after GC invocations=8 (full 1):
 PSYoungGen      total 134656K, used 0K [0x00000000d7000000, 0x00000000e7700000, 0x0000000100000000)
  eden space 125440K, 0% used [0x00000000d7000000,0x00000000d7000000,0x00000000dea80000)
  from space 9216K, 0% used [0x00000000dea80000,0x00000000dea80000,0x00000000df380000)
  to   space 9216K, 0% used [0x00000000e6e00000,0x00000000e6e00000,0x00000000e7700000)
 ParOldGen       total 53248K, used 7954K [0x0000000085000000, 0x0000000088400000, 0x00000000d7000000)
  object space 53248K, 14% used [0x0000000085000000,0x00000000857c49b0,0x0000000088400000)
 Metaspace       used 20900K, capacity 21088K, committed 21248K, reserved 1069056K
  class space    used 2451K, capacity 2508K, committed 2560K, reserved 1048576K
}
Event: 6,288 GC heap before
{Heap before GC invocations=9 (full 1):
 PSYoungGen      total 134656K, used 125440K [0x00000000d7000000, 0x00000000e7700000, 0x0000000100000000)
  eden space 125440K, 100% used [0x00000000d7000000,0x00000000dea80000,0x00000000dea80000)
  from space 9216K, 0% used [0x00000000dea80000,0x00000000dea80000,0x00000000df380000)
  to   space 9216K, 0% used [0x00000000e6e00000,0x00000000e6e00000,0x00000000e7700000)
 ParOldGen       total 53248K, used 7954K [0x0000000085000000, 0x0000000088400000, 0x00000000d7000000)
  object space 53248K, 14% used [0x0000000085000000,0x00000000857c49b0,0x0000000088400000)
 Metaspace       used 32728K, capacity 33044K, committed 33280K, reserved 1079296K
  class space    used 4130K, capacity 4228K, committed 4352K, reserved 1048576K
Event: 6,308 GC heap after
Heap after GC invocations=9 (full 1):
 PSYoungGen      total 213504K, used 9188K [0x00000000d7000000, 0x00000000e7700000, 0x0000000100000000)
  eden space 204288K, 0% used [0x00000000d7000000,0x00000000d7000000,0x00000000e3780000)
  from space 9216K, 99% used [0x00000000e6e00000,0x00000000e76f9160,0x00000000e7700000)
  to   space 11264K, 0% used [0x00000000e6100000,0x00000000e6100000,0x00000000e6c00000)
 ParOldGen       total 53248K, used 10997K [0x0000000085000000, 0x0000000088400000, 0x00000000d7000000)
  object space 53248K, 20% used [0x0000000085000000,0x0000000085abd7b8,0x0000000088400000)
 Metaspace       used 32728K, capacity 33044K, committed 33280K, reserved 1079296K
  class space    used 4130K, capacity 4228K, committed 4352K, reserved 1048576K
}
Event: 6,576 GC heap before
{Heap before GC invocations=10 (full 1):
 PSYoungGen      total 213504K, used 29668K [0x00000000d7000000, 0x00000000e7700000, 0x0000000100000000)
  eden space 204288K, 10% used [0x00000000d7000000,0x00000000d8400068,0x00000000e3780000)
  from space 9216K, 99% used [0x00000000e6e00000,0x00000000e76f9160,0x00000000e7700000)
  to   space 11264K, 0% used [0x00000000e6100000,0x00000000e6100000,0x00000000e6c00000)
 ParOldGen       total 53248K, used 10997K [0x0000000085000000, 0x0000000088400000, 0x00000000d7000000)
  object space 53248K, 20% used [0x0000000085000000,0x0000000085abd7b8,0x0000000088400000)
 Metaspace       used 34848K, capacity 35156K, committed 35416K, reserved 1081344K
  class space    used 4394K, capacity 4484K, committed 4608K, reserved 1048576K
Event: 6,597 GC heap after
Heap after GC invocations=10 (full 1):
 PSYoungGen      total 258048K, used 9237K [0x00000000d7000000, 0x00000000ea500000, 0x0000000100000000)
  eden space 246784K, 0% used [0x00000000d7000000,0x00000000d7000000,0x00000000e6100000)
  from space 11264K, 82% used [0x00000000e6100000,0x00000000e6a055c0,0x00000000e6c00000)
  to   space 11776K, 0% used [0x00000000e9980000,0x00000000e9980000,0x00000000ea500000)
 ParOldGen       total 53248K, used 11005K [0x0000000085000000, 0x0000000088400000, 0x00000000d7000000)
  object space 53248K, 20% used [0x0000000085000000,0x0000000085abf7b8,0x0000000088400000)
 Metaspace       used 34848K, capacity 35156K, committed 35416K, reserved 1081344K
  class space    used 4394K, capacity 4484K, committed 4608K, reserved 1048576K
}
Event: 6,597 GC heap before
{Heap before GC invocations=11 (full 2):
 PSYoungGen      total 258048K, used 9237K [0x00000000d7000000, 0x00000000ea500000, 0x0000000100000000)
  eden space 246784K, 0% used [0x00000000d7000000,0x00000000d7000000,0x00000000e6100000)
  from space 11264K, 82% used [0x00000000e6100000,0x00000000e6a055c0,0x00000000e6c00000)
  to   space 11776K, 0% used [0x00000000e9980000,0x00000000e9980000,0x00000000ea500000)
 ParOldGen       total 53248K, used 11005K [0x0000000085000000, 0x0000000088400000, 0x00000000d7000000)
  object space 53248K, 20% used [0x0000000085000000,0x0000000085abf7b8,0x0000000088400000)
 Metaspace       used 34848K, capacity 35156K, committed 35416K, reserved 1081344K
  class space    used 4394K, capacity 4484K, committed 4608K, reserved 1048576K
Event: 6,664 GC heap after
Heap after GC invocations=11 (full 2):
 PSYoungGen      total 258048K, used 0K [0x00000000d7000000, 0x00000000ea500000, 0x0000000100000000)
  eden space 246784K, 0% used [0x00000000d7000000,0x00000000d7000000,0x00000000e6100000)
  from space 11264K, 0% used [0x00000000e6100000,0x00000000e6100000,0x00000000e6c00000)
  to   space 11776K, 0% used [0x00000000e9980000,0x00000000e9980000,0x00000000ea500000)
 ParOldGen       total 78848K, used 16651K [0x0000000085000000, 0x0000000089d00000, 0x00000000d7000000)
  object space 78848K, 21% used [0x0000000085000000,0x0000000086042ff0,0x0000000089d00000)
 Metaspace       used 34848K, capacity 35156K, committed 35416K, reserved 1081344K
  class space    used 4394K, capacity 4484K, committed 4608K, reserved 1048576K
}

Deoptimization events (10 events):
Event: 8,124 Thread 0x00007f298000f800 Uncommon trap: reason=unhandled action=none pc=0x00007f2971a3bb10 method=java.net.URLClassLoader.findClass(Ljava/lang/String;)Ljava/lang/Class; @ 44
Event: 8,125 Thread 0x00007f298000f800 Uncommon trap: reason=unhandled action=none pc=0x00007f2971a3bb10 method=java.net.URLClassLoader.findClass(Ljava/lang/String;)Ljava/lang/Class; @ 44
Event: 8,125 Thread 0x00007f298000f800 Uncommon trap: reason=unhandled action=none pc=0x00007f2971a3bb10 method=java.net.URLClassLoader.findClass(Ljava/lang/String;)Ljava/lang/Class; @ 44
Event: 8,126 Thread 0x00007f298000f800 Uncommon trap: reason=unhandled action=none pc=0x00007f2971a3bb10 method=java.net.URLClassLoader.findClass(Ljava/lang/String;)Ljava/lang/Class; @ 44
Event: 8,127 Thread 0x00007f298000f800 Uncommon trap: reason=unhandled action=none pc=0x00007f2971a3bb10 method=java.net.URLClassLoader.findClass(Ljava/lang/String;)Ljava/lang/Class; @ 44
Event: 8,128 Thread 0x00007f298000f800 Uncommon trap: reason=unhandled action=none pc=0x00007f2971a3bb10 method=java.net.URLClassLoader.findClass(Ljava/lang/String;)Ljava/lang/Class; @ 44
Event: 8,147 Thread 0x00007f298000f800 Uncommon trap: reason=unhandled action=none pc=0x00007f2971a3bb10 method=java.net.URLClassLoader.findClass(Ljava/lang/String;)Ljava/lang/Class; @ 44
Event: 8,148 Thread 0x00007f298000f800 Uncommon trap: reason=range_check action=none pc=0x00007f297128c924 method=sun.reflect.generics.parser.SignatureParser.current()C @ 34
Event: 8,149 Thread 0x00007f298000f800 Uncommon trap: reason=unhandled action=none pc=0x00007f2971a3bb10 method=java.net.URLClassLoader.findClass(Ljava/lang/String;)Ljava/lang/Class; @ 44
Event: 8,151 Thread 0x00007f298000f800 Uncommon trap: reason=unhandled action=none pc=0x00007f2971a3bb10 method=java.net.URLClassLoader.findClass(Ljava/lang/String;)Ljava/lang/Class; @ 44

Internal exceptions (10 events):
Event: 7,475 Thread 0x00007f298000f800 Exception <a 'java/lang/ClassNotFoundException': org/springframework/web/filter/GenericFilterBeanCustomizer> (0x00000000dbfa8af8) thrown at [/HUDSON/workspace/8-2-build-linux-amd64/jdk8u60/4407/hotspot/src/share/vm/classfile/systemDictionary.cpp, line 210
Event: 7,475 Thread 0x00007f298000f800 Exception <a 'java/lang/ClassNotFoundException': org/springframework/web/filter/OncePerRequestFilterCustomizer> (0x00000000dbfc79d0) thrown at [/HUDSON/workspace/8-2-build-linux-amd64/jdk8u60/4407/hotspot/src/share/vm/classfile/systemDictionary.cpp, line 
Event: 7,476 Thread 0x00007f298000f800 Exception <a 'java/lang/ClassNotFoundException': org/springframework/web/filter/CharacterEncodingFilterCustomizer> (0x00000000dbfe3960) thrown at [/HUDSON/workspace/8-2-build-linux-amd64/jdk8u60/4407/hotspot/src/share/vm/classfile/systemDictionary.cpp, li
Event: 7,477 Thread 0x00007f298000f800 Exception <a 'java/lang/ClassNotFoundException': org/springframework/boot/context/web/OrderedCharacterEncodingFilterCustomizer> (0x00000000dc003ee8) thrown at [/HUDSON/workspace/8-2-build-linux-amd64/jdk8u60/4407/hotspot/src/share/vm/classfile/systemDicti
Event: 7,481 Thread 0x00007f298000f800 Exception <a 'java/lang/ClassNotFoundException': org/springframework/web/multipart/support/StandardServletMultipartResolverBeanInfo> (0x00000000dc054a60) thrown at [/HUDSON/workspace/8-2-build-linux-amd64/jdk8u60/4407/hotspot/src/share/vm/classfile/system
Event: 7,482 Thread 0x00007f298000f800 Exception <a 'java/lang/ClassNotFoundException': org/springframework/web/multipart/support/StandardServletMultipartResolverCustomizer> (0x00000000dc073090) thrown at [/HUDSON/workspace/8-2-build-linux-amd64/jdk8u60/4407/hotspot/src/share/vm/classfile/syst
Event: 7,498 Thread 0x00007f298000f800 Exception <a 'java/lang/ClassNotFoundException': br/com/aedes/domain/model/ConversorPercentualTestBeanInfo> (0x00000000dc159460) thrown at [/HUDSON/workspace/8-2-build-linux-amd64/jdk8u60/4407/hotspot/src/share/vm/classfile/systemDictionary.cpp, line 210]
Event: 7,499 Thread 0x00007f298000f800 Exception <a 'java/lang/ClassNotFoundException': br/com/aedes/domain/model/ConversorPercentualTestCustomizer> (0x00000000dc1719b8) thrown at [/HUDSON/workspace/8-2-build-linux-amd64/jdk8u60/4407/hotspot/src/share/vm/classfile/systemDictionary.cpp, line 21
Event: 7,905 Thread 0x00007f298000f800 Exception <a 'java/lang/ArrayIndexOutOfBoundsException': 23> (0x00000000dd7c07a8) thrown at [/HUDSON/workspace/8-2-build-linux-amd64/jdk8u60/4407/hotspot/src/share/vm/interpreter/interpreterRuntime.cpp, line 366]
Event: 8,148 Thread 0x00007f298000f800 Exception <a 'java/lang/ArrayIndexOutOfBoundsException': 27> (0x00000000de4b8738) thrown at [/HUDSON/workspace/8-2-build-linux-amd64/jdk8u60/4407/hotspot/src/share/vm/interpreter/interpreterRuntime.cpp, line 366]

Events (10 events):
Event: 3431,734 Executing VM operation: EnterInterpOnlyMode
Event: 3431,734 Executing nested VM operation: Deoptimize
Event: 3431,735 Executing nested VM operation: Deoptimize done
Event: 3431,735 Executing VM operation: EnterInterpOnlyMode done
Event: 3431,735 Executing VM operation: ChangeSingleStep
Event: 3431,735 Executing VM operation: ChangeSingleStep done
Event: 3431,735 Executing VM operation: ChangeSingleStep
Event: 3431,735 Executing VM operation: ChangeSingleStep done
Event: 3431,751 Executing VM operation: RedefineClasses
Event: 3431,773 Executing VM operation: RedefineClasses done


Dynamic libraries:
00400000-00401000 r-xp 00000000 08:02 938110                             /usr/lib/jvm/java-8-oracle/bin/java
00600000-00601000 rw-p 00000000 08:02 938110                             /usr/lib/jvm/java-8-oracle/bin/java
016da000-016fb000 rw-p 00000000 00:00 0                                  [heap]
85000000-89d00000 rw-p 00000000 00:00 0 
89d00000-d7000000 ---p 00000000 00:00 0 
d7000000-ea500000 rw-p 00000000 00:00 0 
ea500000-100000000 ---p 00000000 00:00 0 
100000000-100520000 rw-p 00000000 00:00 0 
100520000-140000000 ---p 00000000 00:00 0 
7f291c000000-7f291c021000 rw-p 00000000 00:00 0 
7f291c021000-7f2920000000 ---p 00000000 00:00 0 
7f2924000000-7f2924021000 rw-p 00000000 00:00 0 
7f2924021000-7f2928000000 ---p 00000000 00:00 0 
7f2928000000-7f2928021000 rw-p 00000000 00:00 0 
7f2928021000-7f292c000000 ---p 00000000 00:00 0 
7f292c000000-7f292cf14000 rw-p 00000000 00:00 0 
7f292cf14000-7f2930000000 ---p 00000000 00:00 0 
7f2930000000-7f2930021000 rw-p 00000000 00:00 0 
7f2930021000-7f2934000000 ---p 00000000 00:00 0 
7f2934000000-7f2936477000 rw-p 00000000 00:00 0 
7f2936477000-7f2938000000 ---p 00000000 00:00 0 
7f2938000000-7f2939de0000 rw-p 00000000 00:00 0 
7f2939de0000-7f293c000000 ---p 00000000 00:00 0 
7f293c000000-7f293c021000 rw-p 00000000 00:00 0 
7f293c021000-7f2940000000 ---p 00000000 00:00 0 
7f2940000000-7f2940021000 rw-p 00000000 00:00 0 
7f2940021000-7f2944000000 ---p 00000000 00:00 0 
7f2944000000-7f2944021000 rw-p 00000000 00:00 0 
7f2944021000-7f2948000000 ---p 00000000 00:00 0 
7f2948000000-7f29482c7000 rw-p 00000000 00:00 0 
7f29482c7000-7f294c000000 ---p 00000000 00:00 0 
7f294c000000-7f294c021000 rw-p 00000000 00:00 0 
7f294c021000-7f2950000000 ---p 00000000 00:00 0 
7f2950000000-7f2950021000 rw-p 00000000 00:00 0 
7f2950021000-7f2954000000 ---p 00000000 00:00 0 
7f2954000000-7f2954021000 rw-p 00000000 00:00 0 
7f2954021000-7f2958000000 ---p 00000000 00:00 0 
7f2958000000-7f2958021000 rw-p 00000000 00:00 0 
7f2958021000-7f295c000000 ---p 00000000 00:00 0 
7f295c000000-7f295c021000 rw-p 00000000 00:00 0 
7f295c021000-7f2960000000 ---p 00000000 00:00 0 
7f29609b5000-7f2960b35000 rw-p 00000000 00:00 0 
7f2960b35000-7f2960bb5000 ---p 00000000 00:00 0 
7f2960bb5000-7f2960db5000 rw-p 00000000 00:00 0 
7f2960db5000-7f2960fb5000 rw-p 00000000 00:00 0 
7f2960fb5000-7f29611b5000 rw-p 00000000 00:00 0 
7f296136f000-7f296156f000 rw-p 00000000 00:00 0 
7f296156f000-7f296176f000 rw-p 00000000 00:00 0 
7f296176f000-7f296196f000 rw-p 00000000 00:00 0 
7f296196f000-7f2961b6f000 rw-p 00000000 00:00 0 
7f2961b6f000-7f2961d6f000 rw-p 00000000 00:00 0 
7f2961d6f000-7f2961d82000 r--s 00344000 08:02 1075015                    /usr/lib/jvm/java-8-oracle/jre/lib/resources.jar
7f2961d82000-7f2961f82000 rw-p 00000000 00:00 0 
7f296201b000-7f296201e000 rw-p 00000000 00:00 0 
7f296201e000-7f2962024000 r--s 002f8000 08:02 1049805                    /usr/lib/jvm/java-8-oracle/jre/lib/charsets.jar
7f2962024000-7f2962028000 r--s 00095000 08:02 1075042                    /usr/lib/jvm/java-8-oracle/jre/lib/jsse.jar
7f2962028000-7f2962228000 rw-p 00000000 00:00 0 
7f2962228000-7f296222b000 ---p 00000000 00:00 0 
7f296222b000-7f2962529000 rw-p 00000000 00:00 0                          [stack:24705]
7f2962529000-7f2962729000 rw-p 00000000 00:00 0 
7f2962729000-7f2962929000 rw-p 00000000 00:00 0 
7f2962929000-7f2962931000 r-xp 00000000 08:02 1049852                    /usr/lib/jvm/java-8-oracle/jre/lib/amd64/libmanagement.so
7f2962931000-7f2962b31000 ---p 00008000 08:02 1049852                    /usr/lib/jvm/java-8-oracle/jre/lib/amd64/libmanagement.so
7f2962b31000-7f2962b32000 rw-p 00008000 08:02 1049852                    /usr/lib/jvm/java-8-oracle/jre/lib/amd64/libmanagement.so
7f2962b32000-7f2962b3c000 r--s 00116000 08:02 1049816                    /usr/lib/jvm/java-8-oracle/jre/lib/ext/localedata.jar
7f2962b3c000-7f2962b58000 r--s 00393000 08:02 1049814                    /usr/lib/jvm/java-8-oracle/jre/lib/ext/cldrdata.jar
7f2962b58000-7f2962b5b000 ---p 00000000 00:00 0 
7f2962b5b000-7f2962c8a000 rw-p 00000000 00:00 0 
7f2962c8a000-7f2962ca0000 r-xp 00000000 08:02 1049876                    /usr/lib/jvm/java-8-oracle/jre/lib/amd64/libnet.so
7f2962ca0000-7f2962ea0000 ---p 00016000 08:02 1049876                    /usr/lib/jvm/java-8-oracle/jre/lib/amd64/libnet.so
7f2962ea0000-7f2962ea1000 rw-p 00016000 08:02 1049876                    /usr/lib/jvm/java-8-oracle/jre/lib/amd64/libnet.so
7f2962ea1000-7f2962eb6000 r--s 00137000 08:01 23246513                   /home/guilherme/.m2/repository/org/projectlombok/lombok/1.16.4/lombok-1.16.4.jar
7f2962eb6000-7f2962ebc000 r--s 00081000 08:01 22853609                   /home/guilherme/.m2/repository/postgresql/postgresql/9.1-901-1.jdbc4/postgresql-9.1-901-1.jdbc4.jar
7f2962ebc000-7f2962eca000 r--s 0015f000 08:01 23508398                   /home/guilherme/.m2/repository/org/hsqldb/hsqldb/2.3.3/hsqldb-2.3.3.jar
7f2962eca000-7f2962ed8000 r--s 0007f000 08:01 23246788                   /home/guilherme/.m2/repository/commons-collections/commons-collections/3.2.1/commons-collections-3.2.1.jar
7f2962ed8000-7f2962ed9000 r--s 00007000 08:01 23378880                   /home/guilherme/.m2/repository/org/slf4j/slf4j-api/1.7.12/slf4j-api-1.7.12.jar
7f2962ed9000-7f2962ee3000 r--s 0007f000 08:01 23901942                   /home/guilherme/.m2/repository/org/dbunit/dbunit/2.5.0/dbunit-2.5.0.jar
7f2962ee3000-7f2962ee5000 r--s 00007000 08:01 23246515                   /home/guilherme/.m2/repository/com/github/springtestdbunit/spring-test-dbunit/1.1.0/spring-test-dbunit-1.1.0.jar
7f2962ee5000-7f2962ef1000 r--s 0006f000 08:01 23377220                   /home/guilherme/.m2/repository/org/springframework/spring-test/4.1.7.RELEASE/spring-test-4.1.7.RELEASE.jar
7f2962ef1000-7f2962ef2000 r--s 0000c000 08:01 23772748                   /home/guilherme/.m2/repository/org/hamcrest/hamcrest-library/1.3/hamcrest-library-1.3.jar
7f2962ef2000-7f2962ef4000 r--s 00009000 08:01 23639894                   /home/guilherme/.m2/repository/org/hamcrest/hamcrest-core/1.3/hamcrest-core-1.3.jar
7f2962ef4000-7f2962ef6000 r--s 00009000 08:01 23772745                   /home/guilherme/.m2/repository/org/objenesis/objenesis/2.1/objenesis-2.1.jar
7f2962ef6000-7f2962f12000 r--s 00103000 08:01 23772742                   /home/guilherme/.m2/repository/org/mockito/mockito-core/1.10.19/mockito-core-1.10.19.jar
7f2962f12000-7f2962f1a000 r--s 00045000 08:01 23377180                   /home/guilherme/.m2/repository/junit/junit/4.12/junit-4.12.jar
7f2962f1a000-7f2962f1b000 r--s 00000000 08:01 23772739                   /home/guilherme/.m2/repository/org/springframework/boot/spring-boot-starter-test/1.2.5.RELEASE/spring-boot-starter-test-1.2.5.RELEASE.jar
7f2962f1b000-7f2962f1d000 r--s 0000c000 08:01 23640342                   /home/guilherme/.m2/repository/org/springframework/spring-aspects/4.1.7.RELEASE/spring-aspects-4.1.7.RELEASE.jar
7f2962f1d000-7f2962f1f000 r--s 00003000 08:01 23377200                   /home/guilherme/.m2/repository/org/slf4j/jcl-over-slf4j/1.7.12/jcl-over-slf4j-1.7.12.jar
7f2962f1f000-7f2962f2c000 r--s 0006f000 08:01 23508387                   /home/guilherme/.m2/repository/org/springframework/data/spring-data-commons/1.9.3.RELEASE/spring-data-commons-1.9.3.RELEASE.jar
7f2962f2c000-7f2962f32000 r--s 00032000 08:01 23508381                   /home/guilherme/.m2/repository/org/springframework/data/spring-data-jpa/1.7.3.RELEASE/spring-data-jpa-1.7.3.RELEASE.jar
7f2962f32000-7f2962f3a000 r--s 00054000 08:01 23508376                   /home/guilherme/.m2/repository/org/springframework/spring-orm/4.1.7.RELEASE/spring-orm-4.1.7.RELEASE.jar
7f2962f3a000-7f2962f3c000 r--s 00006000 08:01 23508368                   /home/guilherme/.m2/repository/javax/transaction/javax.transaction-api/1.2/javax.transaction-api-1.2.jar
7f2962f3c000-7f2962f46000 r--s 000a5000 08:01 23246395                   /home/guilherme/.m2/repository/org/javassist/javassist/3.18.1-GA/javassist-3.18.1-GA.jar
7f2962f46000-7f2962f4b000 r--s 00017000 08:01 23246393                   /home/guilherme/.m2/repository/org/hibernate/javax/persistence/hibernate-jpa-2.1-api/1.0.0.Final/hibernate-jpa-2.1-api-1.0.0.Final.jar
7f2962f4b000-7f2962f4e000 r--s 00010000 08:01 23377186                   /home/guilherme/.m2/repository/org/hibernate/common/hibernate-commons-annotations/4.0.5.Final/hibernate-commons-annotations-4.0.5.Final.jar
7f2962f4e000-7f2962f53000 r--s 00016000 08:01 23246792                   /home/guilherme/.m2/repository/xml-apis/xml-apis/1.0.b2/xml-apis-1.0.b2.jar
7f2962f53000-7f2962f58000 r--s 00048000 08:01 23246369                   /home/guilherme/.m2/repository/dom4j/dom4j/1.6.1/dom4j-1.6.1.jar
7f2962f58000-7f2962f5a000 r--s 00011000 08:01 23246399                   /home/guilherme/.m2/repository/org/jboss/jandex/1.1.0.Final/jandex-1.1.0.Final.jar
7f2962f5a000-7f2962f5f000 r--s 00068000 08:01 23246397                   /home/guilherme/.m2/repository/antlr/antlr/2.7.7/antlr-2.7.7.jar
7f2962f5f000-7f2962fbe000 r--s 004ab000 08:01 23377184                   /home/guilherme/.m2/repository/org/hibernate/hibernate-core/4.3.10.Final/hibernate-core-4.3.10.Final.jar
7f2962fbe000-7f2962fbf000 r--s 00002000 08:01 23246387                   /home/guilherme/.m2/repository/org/jboss/logging/jboss-logging-annotations/1.2.0.Beta1/jboss-logging-annotations-1.2.0.Beta1.jar
7f2962fbf000-7f2962fcd000 r--s 00091000 08:01 23377188                   /home/guilherme/.m2/repository/org/hibernate/hibernate-entitymanager/4.3.10.Final/hibernate-entitymanager-4.3.10.Final.jar
7f2962fcd000-7f2962fd4000 r--s 00037000 08:01 23508262                   /home/guilherme/.m2/repository/org/springframework/spring-tx/4.1.7.RELEASE/spring-tx-4.1.7.RELEASE.jar
7f2962fd4000-7f2962fd5000 r--s 00009000 08:01 23640333                   /home/guilherme/.m2/repository/org/apache/tomcat/tomcat-juli/8.0.23/tomcat-juli-8.0.23.jar
7f2962fd5000-7f2962fee000 r--s 001ae000 08:01 23508251                   /home/guilherme/.m2/repository/org/aspectj/aspectjweaver/1.8.6/aspectjweaver-1.8.6.jar
7f2962fee000-7f2962fef000 ---p 00000000 00:00 0 
7f2962fef000-7f29630ef000 rw-p 00000000 00:00 0                          [stack:24699]
7f29630ef000-7f29630f2000 ---p 00000000 00:00 0 
7f29630f2000-7f29631f0000 rw-p 00000000 00:00 0                          [stack:24698]
7f29631f0000-7f29631f3000 ---p 00000000 00:00 0 
7f29631f3000-7f29632f1000 rw-p 00000000 00:00 0                          [stack:24697]
7f29632f1000-7f29632f4000 ---p 00000000 00:00 0 
7f29632f4000-7f29633f2000 rw-p 00000000 00:00 0                          [stack:24696]
7f29633f2000-7f29633f5000 ---p 00000000 00:00 0 
7f29633f5000-7f29634f3000 rw-p 00000000 00:00 0                          [stack:24695]
7f29634f3000-7f29634f6000 ---p 00000000 00:00 0 
7f29634f6000-7f29635f4000 rw-p 00000000 00:00 0                          [stack:24693]
7f29635f4000-7f29635f7000 ---p 00000000 00:00 0 
7f29635f7000-7f29636f5000 rw-p 00000000 00:00 0                          [stack:24691]
7f29636f5000-7f29636f8000 ---p 00000000 00:00 0 
7f29636f8000-7f29637f6000 rw-p 00000000 00:00 0                          [stack:24689]
7f29637f6000-7f29637fa000 r-xp 00000000 08:02 1067241                    /usr/lib/jvm/java-8-oracle/jre/lib/amd64/libdt_socket.so
7f29637fa000-7f29639f9000 ---p 00004000 08:02 1067241                    /usr/lib/jvm/java-8-oracle/jre/lib/amd64/libdt_socket.so
7f29639f9000-7f29639fa000 rw-p 00003000 08:02 1067241                    /usr/lib/jvm/java-8-oracle/jre/lib/amd64/libdt_socket.so
7f29639fa000-7f29639fd000 ---p 00000000 00:00 0 
7f29639fd000-7f2963afb000 rw-p 00000000 00:00 0                          [stack:24687]
7f2963afb000-7f2963afe000 ---p 00000000 00:00 0 
7f2963afe000-7f2963bfc000 rw-p 00000000 00:00 0                          [stack:24685]
7f2963bfc000-7f2963bff000 ---p 00000000 00:00 0 
7f2963bff000-7f2963cfd000 rw-p 00000000 00:00 0                          [stack:24684]
7f2963cfd000-7f2963cfe000 ---p 00000000 00:00 0 
7f2963cfe000-7f2964000000 rw-p 00000000 00:00 0                          [stack:24683]
7f2964000000-7f2964021000 rw-p 00000000 00:00 0 
7f2964021000-7f2968000000 ---p 00000000 00:00 0 
7f2968000000-7f2968002000 r--s 0001f000 08:01 23640327                   /home/guilherme/.m2/repository/org/apache/tomcat/tomcat-jdbc/8.0.23/tomcat-jdbc-8.0.23.jar
7f2968002000-7f296800c000 r--s 0005f000 08:01 23508256                   /home/guilherme/.m2/repository/org/springframework/spring-jdbc/4.1.7.RELEASE/spring-jdbc-4.1.7.RELEASE.jar
7f296800c000-7f296800d000 r--s 00000000 08:01 23640323                   /home/guilherme/.m2/repository/org/springframework/boot/spring-boot-starter-jdbc/1.2.5.RELEASE/spring-boot-starter-jdbc-1.2.5.RELEASE.jar
7f296800d000-7f2968011000 r--s 00019000 08:01 23508244                   /home/guilherme/.m2/repository/org/aspectj/aspectjrt/1.8.6/aspectjrt-1.8.6.jar
7f2968011000-7f2968012000 r--s 00000000 08:01 23640320                   /home/guilherme/.m2/repository/org/springframework/boot/spring-boot-starter-aop/1.2.5.RELEASE/spring-boot-starter-aop-1.2.5.RELEASE.jar
7f2968012000-7f2968017000 r--s 0003b000 08:01 23377226                   /home/guilherme/.m2/repository/org/springframework/spring-expression/4.1.7.RELEASE/spring-expression-4.1.7.RELEASE.jar
7f2968017000-7f2968027000 r--s 000b0000 08:01 23377222                   /home/guilherme/.m2/repository/org/springframework/spring-webmvc/4.1.7.RELEASE/spring-webmvc-4.1.7.RELEASE.jar
7f2968027000-7f296803f000 r--s 000e3000 08:01 23378844                   /home/guilherme/.m2/repository/org/springframework/spring-context/4.1.7.RELEASE/spring-context-4.1.7.RELEASE.jar
7f296803f000-7f296804c000 r--s 000a1000 08:01 23377224                   /home/guilherme/.m2/repository/org/springframework/spring-beans/4.1.7.RELEASE/spring-beans-4.1.7.RELEASE.jar
7f296804c000-7f296804e000 r--s 00000000 08:01 23116587                   /home/guilherme/.m2/repository/aopalliance/aopalliance/1.0/aopalliance-1.0.jar
7f296804e000-7f2968057000 r--s 0004f000 08:01 23378840                   /home/guilherme/.m2/repository/org/springframework/spring-aop/4.1.7.RELEASE/spring-aop-4.1.7.RELEASE.jar
7f2968057000-7f2968067000 r--s 000a1000 08:01 23377228                   /home/guilherme/.m2/repository/org/springframework/spring-web/4.1.7.RELEASE/spring-web-4.1.7.RELEASE.jar
7f2968067000-7f296807c000 r--s 000e2000 08:01 23377202                   /home/guilherme/.m2/repository/org/springframework/spring-core/4.1.7.RELEASE/spring-core-4.1.7.RELEASE.jar
7f296807c000-7f296807e000 r--s 0000d000 08:01 23377194                   /home/guilherme/.m2/repository/com/fasterxml/classmate/1.0.0/classmate-1.0.0.jar
7f296807e000-7f296c000000 rw-p 00000000 00:00 0 
7f296c000000-7f296c021000 rw-p 00000000 00:00 0 
7f296c021000-7f2970000000 ---p 00000000 00:00 0 
7f2970000000-7f2970004000 r--s 0000c000 08:01 23377192                   /home/guilherme/.m2/repository/javax/validation/validation-api/1.1.0.Final/validation-api-1.1.0.Final.jar
7f2970004000-7f2970012000 r--s 0008d000 08:01 23377190                   /home/guilherme/.m2/repository/org/hibernate/hibernate-validator/5.1.3.Final/hibernate-validator-5.1.3.Final.jar
7f2970012000-7f2970016000 r--s 00034000 08:01 23639241                   /home/guilherme/.m2/repository/com/fasterxml/jackson/core/jackson-core/2.4.6/jackson-core-2.4.6.jar
7f2970016000-7f2970019000 r--s 00007000 08:01 23639239                   /home/guilherme/.m2/repository/com/fasterxml/jackson/core/jackson-annotations/2.4.6/jackson-annotations-2.4.6.jar
7f2970019000-7f297002a000 r--s 000f7000 08:01 23639237                   /home/guilherme/.m2/repository/com/fasterxml/jackson/core/jackson-databind/2.4.6/jackson-databind-2.4.6.jar
7f297002a000-7f2970030000 r--s 00036000 08:01 23639235                   /home/guilherme/.m2/repository/org/apache/tomcat/embed/tomcat-embed-websocket/8.0.23/tomcat-embed-websocket-8.0.23.jar
7f2970030000-7f2970035000 r--s 00036000 08:01 23639231                   /home/guilherme/.m2/repository/org/apache/tomcat/embed/tomcat-embed-el/8.0.23/tomcat-embed-el-8.0.23.jar
7f2970035000-7f297005a000 r--s 00288000 08:01 23639229                   /home/guilherme/.m2/repository/org/apache/tomcat/embed/tomcat-embed-core/8.0.23/tomcat-embed-core-8.0.23.jar
7f297005a000-7f2970065000 r--s 00065000 08:01 23377156                   /home/guilherme/.m2/repository/ch/qos/logback/logback-core/1.1.3/logback-core-1.1.3.jar
7f2970065000-7f2970075000 r--s 0006b000 08:01 23639217                   /home/guilherme/.m2/repository/org/springframework/boot/spring-boot-autoconfigure/1.2.5.RELEASE/spring-boot-autoconfigure-1.2.5.RELEASE.jar
7f2970075000-7f2971000000 rw-p 00000000 00:00 0 
7f2971000000-7f2971e20000 rwxp 00000000 00:00 0 
7f2971e20000-7f2980000000 ---p 00000000 00:00 0 
7f2980000000-7f298200c000 rw-p 00000000 00:00 0 
7f298200c000-7f2984000000 ---p 00000000 00:00 0 
7f2984000000-7f2984453000 rw-p 00000000 00:00 0 
7f2984453000-7f298462b000 r--s 03d17000 08:02 1075049                    /usr/lib/jvm/java-8-oracle/jre/lib/rt.jar
7f298462b000-7f2984a79000 rw-p 00000000 00:00 0 
7f2984a79000-7f2984a7a000 ---p 00000000 00:00 0 
7f2984a7a000-7f2984b7a000 rw-p 00000000 00:00 0                          [stack:24681]
7f2984b7a000-7f2984b7b000 ---p 00000000 00:00 0 
7f2984b7b000-7f2984c7b000 rw-p 00000000 00:00 0                          [stack:24680]
7f2984c7b000-7f2984c7c000 ---p 00000000 00:00 0 
7f2984c7c000-7f2984d7c000 rw-p 00000000 00:00 0                          [stack:24679]
7f2984d7c000-7f2984d7d000 ---p 00000000 00:00 0 
7f2984d7d000-7f2984ea4000 rw-p 00000000 00:00 0                          [stack:24678]
7f2984ea4000-7f298510d000 ---p 00000000 00:00 0 
7f298510d000-7f2985134000 rw-p 00000000 00:00 0 
7f2985134000-7f298539d000 ---p 00000000 00:00 0 
7f298539d000-7f2985438000 rw-p 00000000 00:00 0 
7f2985438000-7f29854e5000 ---p 00000000 00:00 0 
7f29854e5000-7f298551f000 rw-p 00000000 00:00 0 
7f298551f000-7f29858a6000 ---p 00000000 00:00 0 
7f29858a6000-7f29858c0000 r-xp 00000000 08:02 1060779                    /usr/lib/jvm/java-8-oracle/jre/lib/amd64/libzip.so
7f29858c0000-7f2985ac0000 ---p 0001a000 08:02 1060779                    /usr/lib/jvm/java-8-oracle/jre/lib/amd64/libzip.so
7f2985ac0000-7f2985ac1000 rw-p 0001a000 08:02 1060779                    /usr/lib/jvm/java-8-oracle/jre/lib/amd64/libzip.so
7f2985ac1000-7f2985acc000 r-xp 00000000 08:02 920576                     /lib/x86_64-linux-gnu/libnss_files-2.19.so
7f2985acc000-7f2985ccb000 ---p 0000b000 08:02 920576                     /lib/x86_64-linux-gnu/libnss_files-2.19.so
7f2985ccb000-7f2985ccc000 r--p 0000a000 08:02 920576                     /lib/x86_64-linux-gnu/libnss_files-2.19.so
7f2985ccc000-7f2985ccd000 rw-p 0000b000 08:02 920576                     /lib/x86_64-linux-gnu/libnss_files-2.19.so
7f2985ccd000-7f2985cd8000 r-xp 00000000 08:02 920586                     /lib/x86_64-linux-gnu/libnss_nis-2.19.so
7f2985cd8000-7f2985ed7000 ---p 0000b000 08:02 920586                     /lib/x86_64-linux-gnu/libnss_nis-2.19.so
7f2985ed7000-7f2985ed8000 r--p 0000a000 08:02 920586                     /lib/x86_64-linux-gnu/libnss_nis-2.19.so
7f2985ed8000-7f2985ed9000 rw-p 0000b000 08:02 920586                     /lib/x86_64-linux-gnu/libnss_nis-2.19.so
7f2985ed9000-7f2985ef0000 r-xp 00000000 08:02 920570                     /lib/x86_64-linux-gnu/libnsl-2.19.so
7f2985ef0000-7f29860ef000 ---p 00017000 08:02 920570                     /lib/x86_64-linux-gnu/libnsl-2.19.so
7f29860ef000-7f29860f0000 r--p 00016000 08:02 920570                     /lib/x86_64-linux-gnu/libnsl-2.19.so
7f29860f0000-7f29860f1000 rw-p 00017000 08:02 920570                     /lib/x86_64-linux-gnu/libnsl-2.19.so
7f29860f1000-7f29860f3000 rw-p 00000000 00:00 0 
7f29860f3000-7f29860fc000 r-xp 00000000 08:02 920572                     /lib/x86_64-linux-gnu/libnss_compat-2.19.so
7f29860fc000-7f29862fb000 ---p 00009000 08:02 920572                     /lib/x86_64-linux-gnu/libnss_compat-2.19.so
7f29862fb000-7f29862fc000 r--p 00008000 08:02 920572                     /lib/x86_64-linux-gnu/libnss_compat-2.19.so
7f29862fc000-7f29862fd000 rw-p 00009000 08:02 920572                     /lib/x86_64-linux-gnu/libnss_compat-2.19.so
7f29862fd000-7f29865c7000 r--p 00000000 08:02 1052038                    /usr/lib/locale/locale-archive
7f29865c7000-7f29865c9000 r-xp 00000000 08:02 1049874                    /usr/lib/jvm/java-8-oracle/jre/lib/amd64/libnpt.so
7f29865c9000-7f29867c9000 ---p 00002000 08:02 1049874                    /usr/lib/jvm/java-8-oracle/jre/lib/amd64/libnpt.so
7f29867c9000-7f29867ca000 rw-p 00002000 08:02 1049874                    /usr/lib/jvm/java-8-oracle/jre/lib/amd64/libnpt.so
7f29867ca000-7f2986803000 r-xp 00000000 08:02 1049865                    /usr/lib/jvm/java-8-oracle/jre/lib/amd64/libjdwp.so
7f2986803000-7f2986a02000 ---p 00039000 08:02 1049865                    /usr/lib/jvm/java-8-oracle/jre/lib/amd64/libjdwp.so
7f2986a02000-7f2986a04000 rw-p 00038000 08:02 1049865                    /usr/lib/jvm/java-8-oracle/jre/lib/amd64/libjdwp.so
7f2986a04000-7f2986a2e000 r-xp 00000000 08:02 1049868                    /usr/lib/jvm/java-8-oracle/jre/lib/amd64/libjava.so
7f2986a2e000-7f2986c2e000 ---p 0002a000 08:02 1049868                    /usr/lib/jvm/java-8-oracle/jre/lib/amd64/libjava.so
7f2986c2e000-7f2986c30000 rw-p 0002a000 08:02 1049868                    /usr/lib/jvm/java-8-oracle/jre/lib/amd64/libjava.so
7f2986c30000-7f2986c3d000 r-xp 00000000 08:02 1049857                    /usr/lib/jvm/java-8-oracle/jre/lib/amd64/libverify.so
7f2986c3d000-7f2986e3d000 ---p 0000d000 08:02 1049857                    /usr/lib/jvm/java-8-oracle/jre/lib/amd64/libverify.so
7f2986e3d000-7f2986e3f000 rw-p 0000d000 08:02 1049857                    /usr/lib/jvm/java-8-oracle/jre/lib/amd64/libverify.so
7f2986e3f000-7f2986e46000 r-xp 00000000 08:02 920629                     /lib/x86_64-linux-gnu/librt-2.19.so
7f2986e46000-7f2987045000 ---p 00007000 08:02 920629                     /lib/x86_64-linux-gnu/librt-2.19.so
7f2987045000-7f2987046000 r--p 00006000 08:02 920629                     /lib/x86_64-linux-gnu/librt-2.19.so
7f2987046000-7f2987047000 rw-p 00007000 08:02 920629                     /lib/x86_64-linux-gnu/librt-2.19.so
7f2987047000-7f298714c000 r-xp 00000000 08:02 920551                     /lib/x86_64-linux-gnu/libm-2.19.so
7f298714c000-7f298734b000 ---p 00105000 08:02 920551                     /lib/x86_64-linux-gnu/libm-2.19.so
7f298734b000-7f298734c000 r--p 00104000 08:02 920551                     /lib/x86_64-linux-gnu/libm-2.19.so
7f298734c000-7f298734d000 rw-p 00105000 08:02 920551                     /lib/x86_64-linux-gnu/libm-2.19.so
7f298734d000-7f298800b000 r-xp 00000000 08:02 1051504                    /usr/lib/jvm/java-8-oracle/jre/lib/amd64/server/libjvm.so
7f298800b000-7f298820a000 ---p 00cbe000 08:02 1051504                    /usr/lib/jvm/java-8-oracle/jre/lib/amd64/server/libjvm.so
7f298820a000-7f29882e2000 rw-p 00cbd000 08:02 1051504                    /usr/lib/jvm/java-8-oracle/jre/lib/amd64/server/libjvm.so
7f29882e2000-7f2988327000 rw-p 00000000 00:00 0 
7f2988327000-7f29884e2000 r-xp 00000000 08:02 920500                     /lib/x86_64-linux-gnu/libc-2.19.so
7f29884e2000-7f29886e1000 ---p 001bb000 08:02 920500                     /lib/x86_64-linux-gnu/libc-2.19.so
7f29886e1000-7f29886e5000 r--p 001ba000 08:02 920500                     /lib/x86_64-linux-gnu/libc-2.19.so
7f29886e5000-7f29886e7000 rw-p 001be000 08:02 920500                     /lib/x86_64-linux-gnu/libc-2.19.so
7f29886e7000-7f29886ec000 rw-p 00000000 00:00 0 
7f29886ec000-7f29886ef000 r-xp 00000000 08:02 920517                     /lib/x86_64-linux-gnu/libdl-2.19.so
7f29886ef000-7f29888ee000 ---p 00003000 08:02 920517                     /lib/x86_64-linux-gnu/libdl-2.19.so
7f29888ee000-7f29888ef000 r--p 00002000 08:02 920517                     /lib/x86_64-linux-gnu/libdl-2.19.so
7f29888ef000-7f29888f0000 rw-p 00003000 08:02 920517                     /lib/x86_64-linux-gnu/libdl-2.19.so
7f29888f0000-7f2988905000 r-xp 00000000 08:02 916729                     /usr/lib/jvm/java-8-oracle/lib/amd64/jli/libjli.so
7f2988905000-7f2988b05000 ---p 00015000 08:02 916729                     /usr/lib/jvm/java-8-oracle/lib/amd64/jli/libjli.so
7f2988b05000-7f2988b06000 rw-p 00015000 08:02 916729                     /usr/lib/jvm/java-8-oracle/lib/amd64/jli/libjli.so
7f2988b06000-7f2988b1f000 r-xp 00000000 08:02 920621                     /lib/x86_64-linux-gnu/libpthread-2.19.so
7f2988b1f000-7f2988d1e000 ---p 00019000 08:02 920621                     /lib/x86_64-linux-gnu/libpthread-2.19.so
7f2988d1e000-7f2988d1f000 r--p 00018000 08:02 920621                     /lib/x86_64-linux-gnu/libpthread-2.19.so
7f2988d1f000-7f2988d20000 rw-p 00019000 08:02 920621                     /lib/x86_64-linux-gnu/libpthread-2.19.so
7f2988d20000-7f2988d24000 rw-p 00000000 00:00 0 
7f2988d24000-7f2988d47000 r-xp 00000000 08:02 920474                     /lib/x86_64-linux-gnu/ld-2.19.so
7f2988d47000-7f2988d48000 r--s 00000000 08:01 23640316                   /home/guilherme/.m2/repository/org/springframework/boot/spring-boot-starter-data-jpa/1.2.5.RELEASE/spring-boot-starter-data-jpa-1.2.5.RELEASE.jar
7f2988d48000-7f2988d4f000 r--s 0003d000 08:01 23639225                   /home/guilherme/.m2/repository/org/yaml/snakeyaml/1.14/snakeyaml-1.14.jar
7f2988d4f000-7f2988d55000 r--s 0003f000 08:01 23377154                   /home/guilherme/.m2/repository/ch/qos/logback/logback-classic/1.1.3/logback-classic-1.1.3.jar
7f2988d55000-7f2988e20000 rw-p 00000000 00:00 0 
7f2988e20000-7f2988e23000 ---p 00000000 00:00 0 
7f2988e23000-7f2988f25000 rw-p 00000000 00:00 0                          [stack:24677]
7f2988f25000-7f2988f27000 r--s 0000c000 08:01 23246385                   /home/guilherme/.m2/repository/org/jboss/logging/jboss-logging/3.1.3.GA/jboss-logging-3.1.3.GA.jar
7f2988f27000-7f2988f28000 r--s 00009000 08:01 23639233                   /home/guilherme/.m2/repository/org/apache/tomcat/embed/tomcat-embed-logging-juli/8.0.23/tomcat-embed-logging-juli-8.0.23.jar
7f2988f28000-7f2988f29000 r--s 00000000 08:01 23639227                   /home/guilherme/.m2/repository/org/springframework/boot/spring-boot-starter-tomcat/1.2.5.RELEASE/spring-boot-starter-tomcat-1.2.5.RELEASE.jar
7f2988f29000-7f2988f2a000 r--s 00005000 08:01 23639223                   /home/guilherme/.m2/repository/org/slf4j/log4j-over-slf4j/1.7.12/log4j-over-slf4j-1.7.12.jar
7f2988f2a000-7f2988f2c000 r--s 00000000 08:01 23639221                   /home/guilherme/.m2/repository/org/slf4j/jul-to-slf4j/1.7.12/jul-to-slf4j-1.7.12.jar
7f2988f2c000-7f2988f2d000 r--s 00000000 08:01 23639219                   /home/guilherme/.m2/repository/org/springframework/boot/spring-boot-starter-logging/1.2.5.RELEASE/spring-boot-starter-logging-1.2.5.RELEASE.jar
7f2988f2d000-7f2988f38000 r--s 0005f000 08:01 23639215                   /home/guilherme/.m2/repository/org/springframework/boot/spring-boot/1.2.5.RELEASE/spring-boot-1.2.5.RELEASE.jar
7f2988f38000-7f2988f39000 r--s 00000000 08:01 23639213                   /home/guilherme/.m2/repository/org/springframework/boot/spring-boot-starter/1.2.5.RELEASE/spring-boot-starter-1.2.5.RELEASE.jar
7f2988f39000-7f2988f3a000 r--s 00000000 08:01 23639211                   /home/guilherme/.m2/repository/org/springframework/boot/spring-boot-starter-web/1.2.5.RELEASE/spring-boot-starter-web-1.2.5.RELEASE.jar
7f2988f3a000-7f2988f42000 rw-s 00000000 08:02 791927                     /tmp/hsperfdata_guilherme/24670
7f2988f42000-7f2988f43000 rw-p 00000000 00:00 0 
7f2988f43000-7f2988f44000 r--p 00000000 00:00 0 
7f2988f44000-7f2988f46000 rw-p 00000000 00:00 0 
7f2988f46000-7f2988f47000 r--p 00022000 08:02 920474                     /lib/x86_64-linux-gnu/ld-2.19.so
7f2988f47000-7f2988f48000 rw-p 00023000 08:02 920474                     /lib/x86_64-linux-gnu/ld-2.19.so
7f2988f48000-7f2988f49000 rw-p 00000000 00:00 0 
7ffde3080000-7ffde30a3000 rw-p 00000000 00:00 0                          [stack]
7ffde3163000-7ffde3165000 r-xp 00000000 00:00 0                          [vdso]
7ffde3165000-7ffde3167000 r--p 00000000 00:00 0                          [vvar]
ffffffffff600000-ffffffffff601000 r-xp 00000000 00:00 0                  [vsyscall]

VM Arguments:
jvm_args: -agentlib:jdwp=transport=dt_socket,suspend=y,address=localhost:43968 -Dfile.encoding=UTF-8 
java_command: org.eclipse.jdt.internal.junit.runner.RemoteTestRunner -version 3 -port 46697 -testLoaderClass org.eclipse.jdt.internal.junit4.runner.JUnit4TestLoader -loaderpluginname org.eclipse.jdt.junit4.runtime -test br.com.aedes.domain.model.ConversorPercentualTest:testConverterPercentualPorFoco
java_class_path (initial): /home/guilherme/development/workspace/aedes/target/test-classes:/home/guilherme/development/workspace/aedes/target/classes:/home/guilherme/.m2/repository/org/springframework/boot/spring-boot-starter-web/1.2.5.RELEASE/spring-boot-starter-web-1.2.5.RELEASE.jar:/home/guilherme/.m2/repository/org/springframework/boot/spring-boot-starter/1.2.5.RELEASE/spring-boot-starter-1.2.5.RELEASE.jar:/home/guilherme/.m2/repository/org/springframework/boot/spring-boot/1.2.5.RELEASE/spring-boot-1.2.5.RELEASE.jar:/home/guilherme/.m2/repository/org/springframework/boot/spring-boot-autoconfigure/1.2.5.RELEASE/spring-boot-autoconfigure-1.2.5.RELEASE.jar:/home/guilherme/.m2/repository/org/springframework/boot/spring-boot-starter-logging/1.2.5.RELEASE/spring-boot-starter-logging-1.2.5.RELEASE.jar:/home/guilherme/.m2/repository/org/slf4j/jul-to-slf4j/1.7.12/jul-to-slf4j-1.7.12.jar:/home/guilherme/.m2/repository/org/slf4j/log4j-over-slf4j/1.7.12/log4j-over-slf4j-1.7.12.jar:/home/guilherme/.m2/repository/ch/qos/logback/logback-classic/1.1.3/logback-classic-1.1.3.jar:/home/guilherme/.m2/repository/ch/qos/logback/logback-core/1.1.3/logback-core-1.1.3.jar:/home/guilherme/.m2/repository/org/yaml/snakeyaml/1.14/snakeyaml-1.14.jar:/home/guilherme/.m2/repository/org/springframework/boot/spring-boot-starter-tomcat/1.2.5.RELEASE/spring-boot-starter-tomcat-1.2.5.RELEASE.jar:/home/guilherme/.m2/repository/org/apache/tomcat/embed/tomcat-embed-core/8.0.23/tomcat-embed-core-8.0.23.jar:/home/guilherme/.m2/repository/org/apache/tomcat/embed/tomcat-embed-el/8.0.23/tomcat-embed-el-8.0.23.jar:/home/guilherme/.m2/repository/org/apache/tomcat/embed/tomcat-embed-logging-juli/8.0.23/tomcat-embed-logging-juli-8.0.23.jar:/home/guilherme/.m2/repository/org/apache/tomcat/embed/tomcat-embed-websocket/8.0.23/tomcat-embed-websocket-8.0.23.jar:/home/guilherme/.m2/repository/com/fasterxml/jackson/core/jackson-databind/2.4.6/jackson-databind-2.4.6.jar:/home/guilherme/.m2/repository/com/fasterxml/j
Launcher Type: SUN_STANDARD

Environment Variables:
JAVA_HOME=/usr/lib/jvm/java-8-oracle
PATH=/usr/lib/jvm/java-8-oracle/bin:/usr/local/sbin:/usr/local/bin:/usr/sbin:/usr/bin:/sbin:/bin:/usr/games:/usr/local/games:/home/guilherme/development/apache-maven-3.3.3/bin
USERNAME=guilherme
SHELL=/bin/bash
DISPLAY=:0

Signal Handlers:
SIGSEGV: [libjvm.so+0xaba070], sa_mask[0]=11111111011111111101111111111110, sa_flags=SA_RESTART|SA_SIGINFO
SIGBUS: [libjvm.so+0xaba070], sa_mask[0]=11111111011111111101111111111110, sa_flags=SA_RESTART|SA_SIGINFO
SIGFPE: [libjvm.so+0x917630], sa_mask[0]=11111111011111111101111111111110, sa_flags=SA_RESTART|SA_SIGINFO
SIGPIPE: [libjvm.so+0x917630], sa_mask[0]=11111111011111111101111111111110, sa_flags=SA_RESTART|SA_SIGINFO
SIGXFSZ: [libjvm.so+0x917630], sa_mask[0]=11111111011111111101111111111110, sa_flags=SA_RESTART|SA_SIGINFO
SIGILL: [libjvm.so+0x917630], sa_mask[0]=11111111011111111101111111111110, sa_flags=SA_RESTART|SA_SIGINFO
SIGUSR1: SIG_DFL, sa_mask[0]=00000000000000000000000000000000, sa_flags=none
SIGUSR2: [libjvm.so+0x918c60], sa_mask[0]=00100000000000000000000000000000, sa_flags=SA_RESTART|SA_SIGINFO
SIGHUP: [libjvm.so+0x91a060], sa_mask[0]=11111111011111111101111111111110, sa_flags=SA_RESTART|SA_SIGINFO
SIGINT: [libjvm.so+0x91a060], sa_mask[0]=11111111011111111101111111111110, sa_flags=SA_RESTART|SA_SIGINFO
SIGTERM: [libjvm.so+0x91a060], sa_mask[0]=11111111011111111101111111111110, sa_flags=SA_RESTART|SA_SIGINFO
SIGQUIT: [libjvm.so+0x91a060], sa_mask[0]=11111111011111111101111111111110, sa_flags=SA_RESTART|SA_SIGINFO


---------------  S Y S T E M  ---------------

OS:DISTRIB_ID=LinuxMint
DISTRIB_RELEASE=17.2
DISTRIB_CODENAME=rafaela
DISTRIB_DESCRIPTION="Linux Mint 17.2 Rafaela"

uname:Linux 3.16.0-38-generic #52~14.04.1-Ubuntu SMP Fri May 8 09:43:57 UTC 2015 x86_64
libc:glibc 2.19 NPTL 2.19 
rlimit: STACK 8192k, CORE 0k, NPROC 30657, NOFILE 4096, AS infinity
load average:0,12 0,30 0,38

/proc/meminfo:
MemTotal:        8059720 kB
MemFree:         1596708 kB
MemAvailable:    3961852 kB
Buffers:          217544 kB
Cached:          2774024 kB
SwapCached:            0 kB
Active:          4199252 kB
Inactive:        1959104 kB
Active(anon):    2904072 kB
Inactive(anon):   782508 kB
Active(file):    1295180 kB
Inactive(file):  1176596 kB
Unevictable:          64 kB
Mlocked:              64 kB
SwapTotal:       3000316 kB
SwapFree:        3000112 kB
Dirty:                48 kB
Writeback:             0 kB
AnonPages:       3166848 kB
Mapped:           626076 kB
Shmem:            519800 kB
Slab:             163204 kB
SReclaimable:     124604 kB
SUnreclaim:        38600 kB
KernelStack:       10592 kB
PageTables:        44092 kB
NFS_Unstable:          0 kB
Bounce:                0 kB
WritebackTmp:          0 kB
CommitLimit:     7030176 kB
Committed_AS:    7756868 kB
VmallocTotal:   34359738367 kB
VmallocUsed:      355532 kB
VmallocChunk:   34359284244 kB
HardwareCorrupted:     0 kB
AnonHugePages:   1521664 kB
HugePages_Total:       0
HugePages_Free:        0
HugePages_Rsvd:        0
HugePages_Surp:        0
Hugepagesize:       2048 kB
DirectMap4k:       85940 kB
DirectMap2M:     8185856 kB


CPU:total 4 (2 cores per cpu, 2 threads per core) family 6 model 58 stepping 9, cmov, cx8, fxsr, mmx, sse, sse2, sse3, ssse3, sse4.1, sse4.2, popcnt, avx, aes, clmul, erms, ht, tsc, tscinvbit, tscinv

/proc/cpuinfo:
processor	: 0
vendor_id	: GenuineIntel
cpu family	: 6
model		: 58
model name	: Intel(R) Core(TM) i5-3317U CPU @ 1.70GHz
stepping	: 9
microcode	: 0x12
cpu MHz		: 2525.960
cache size	: 3072 KB
physical id	: 0
siblings	: 4
core id		: 0
cpu cores	: 2
apicid		: 0
initial apicid	: 0
fpu		: yes
fpu_exception	: yes
cpuid level	: 13
wp		: yes
flags		: fpu vme de pse tsc msr pae mce cx8 apic sep mtrr pge mca cmov pat pse36 clflush dts acpi mmx fxsr sse sse2 ss ht tm pbe syscall nx rdtscp lm constant_tsc arch_perfmon pebs bts rep_good nopl xtopology nonstop_tsc aperfmperf eagerfpu pni pclmulqdq dtes64 monitor ds_cpl vmx est tm2 ssse3 cx16 xtpr pdcm pcid sse4_1 sse4_2 x2apic popcnt tsc_deadline_timer aes xsave avx f16c rdrand lahf_lm ida arat epb xsaveopt pln pts dtherm tpr_shadow vnmi flexpriority ept vpid fsgsbase smep erms
bogomips	: 3392.37
clflush size	: 64
cache_alignment	: 64
address sizes	: 36 bits physical, 48 bits virtual
power management:

processor	: 1
vendor_id	: GenuineIntel
cpu family	: 6
model		: 58
model name	: Intel(R) Core(TM) i5-3317U CPU @ 1.70GHz
stepping	: 9
microcode	: 0x12
cpu MHz		: 2400.917
cache size	: 3072 KB
physical id	: 0
siblings	: 4
core id		: 1
cpu cores	: 2
apicid		: 2
initial apicid	: 2
fpu		: yes
fpu_exception	: yes
cpuid level	: 13
wp		: yes
flags		: fpu vme de pse tsc msr pae mce cx8 apic sep mtrr pge mca cmov pat pse36 clflush dts acpi mmx fxsr sse sse2 ss ht tm pbe syscall nx rdtscp lm constant_tsc arch_perfmon pebs bts rep_good nopl xtopology nonstop_tsc aperfmperf eagerfpu pni pclmulqdq dtes64 monitor ds_cpl vmx est tm2 ssse3 cx16 xtpr pdcm pcid sse4_1 sse4_2 x2apic popcnt tsc_deadline_timer aes xsave avx f16c rdrand lahf_lm ida arat epb xsaveopt pln pts dtherm tpr_shadow vnmi flexpriority ept vpid fsgsbase smep erms
bogomips	: 3392.37
clflush size	: 64
cache_alignment	: 64
address sizes	: 36 bits physical, 48 bits virtual
power management:

processor	: 2
vendor_id	: GenuineIntel
cpu family	: 6
model		: 58
model name	: Intel(R) Core(TM) i5-3317U CPU @ 1.70GHz
stepping	: 9
microcode	: 0x12
cpu MHz		: 2433.058
cache size	: 3072 KB
physical id	: 0
siblings	: 4
core id		: 0
cpu cores	: 2
apicid		: 1
initial apicid	: 1
fpu		: yes
fpu_exception	: yes
cpuid level	: 13
wp		: yes
flags		: fpu vme de pse tsc msr pae mce cx8 apic sep mtrr pge mca cmov pat pse36 clflush dts acpi mmx fxsr sse sse2 ss ht tm pbe syscall nx rdtscp lm constant_tsc arch_perfmon pebs bts rep_good nopl xtopology nonstop_tsc aperfmperf eagerfpu pni pclmulqdq dtes64 monitor ds_cpl vmx est tm2 ssse3 cx16 xtpr pdcm pcid sse4_1 sse4_2 x2apic popcnt tsc_deadline_timer aes xsave avx f16c rdrand lahf_lm ida arat epb xsaveopt pln pts dtherm tpr_shadow vnmi flexpriority ept vpid fsgsbase smep erms
bogomips	: 3392.37
clflush size	: 64
cache_alignment	: 64
address sizes	: 36 bits physical, 48 bits virtual
power management:

processor	: 3
vendor_id	: GenuineIntel
cpu family	: 6
model		: 58
model name	: Intel(R) Core(TM) i5-3317U CPU @ 1.70GHz
stepping	: 9
microcode	: 0x12
cpu MHz		: 2399.988
cache size	: 3072 KB
physical id	: 0
siblings	: 4
core id		: 1
cpu cores	: 2
apicid		: 3
initial apicid	: 3
fpu		: yes
fpu_exception	: yes
cpuid level	: 13
wp		: yes
flags		: fpu vme de pse tsc msr pae mce cx8 apic sep mtrr pge mca cmov pat pse36 clflush dts acpi mmx fxsr sse sse2 ss ht tm pbe syscall nx rdtscp lm constant_tsc arch_perfmon pebs bts rep_good nopl xtopology nonstop_tsc aperfmperf eagerfpu pni pclmulqdq dtes64 monitor ds_cpl vmx est tm2 ssse3 cx16 xtpr pdcm pcid sse4_1 sse4_2 x2apic popcnt tsc_deadline_timer aes xsave avx f16c rdrand lahf_lm ida arat epb xsaveopt pln pts dtherm tpr_shadow vnmi flexpriority ept vpid fsgsbase smep erms
bogomips	: 3392.37
clflush size	: 64
cache_alignment	: 64
address sizes	: 36 bits physical, 48 bits virtual
power management:



Memory: 4k page, physical 8059720k(1596708k free), swap 3000316k(3000112k free)

vm_info: Java HotSpot(TM) 64-Bit Server VM (25.60-b23) for linux-amd64 JRE (1.8.0_60-b27), built on Aug  4 2015 12:19:40 by "java_re" with gcc 4.3.0 20080428 (Red Hat 4.3.0-8)

time: Sat Sep  5 16:46:18 2015
elapsed time: 3431 seconds (0d 0h 57m 11s)

